2024-03-25 18:26:17,198 - INFO - Отгадывается загадка: Зимой и летом одним цветом
2024-03-25 18:26:41,758 - INFO - Пользователь угадал загадку Зимой и летом одним цветом с 2-й попытки.
2024-03-25 18:26:41,758 - INFO - Отгадывается загадка: Висит груша - нельзя скушать
2024-03-25 18:28:35,422 - INFO - Пользователь угадал загадку Висит груша - нельзя скушать с 1-й попытки.
2024-03-25 18:28:35,422 - INFO - Отгадывается загадка: Сидит дед в сто шуб одет
2024-03-25 18:28:40,997 - INFO - Пользователь угадал загадку Сидит дед в сто шуб одет с 1-й попытки.
2024-03-25 18:28:40,997 - INFO - Отгадывается загадка: Не лает не кусает, в дом не пускает
2024-03-25 18:28:44,661 - INFO - Пользователь угадал загадку Не лает не кусает, в дом не пускает с 1-й попытки.
2024-03-25 18:28:56,379 - INFO - Отгадывается загадка: Зимой и летом одним цветом
2024-03-25 18:29:24,053 - INFO - Пользователь угадал загадку Зимой и летом одним цветом с 1-й попытки.
2024-03-25 18:29:24,053 - INFO - Отгадывается загадка: Висит груша - нельзя скушать
2024-03-25 18:29:37,661 - INFO - Пользователь угадал загадку Висит груша - нельзя скушать с 2-й попытки.
2024-03-25 18:29:37,661 - INFO - Отгадывается загадка: Сидит дед в сто шуб одет
2024-03-25 18:29:39,446 - INFO - Пользователь угадал загадку Сидит дед в сто шуб одет с 1-й попытки.
2024-03-25 18:29:39,447 - INFO - Отгадывается загадка: Не лает не кусает, в дом не пускает
2024-03-25 18:29:41,757 - INFO - Пользователь угадал загадку Не лает не кусает, в дом не пускает с 1-й попытки.
2024-03-25 18:30:03,441 - INFO - Отгадывается загадка: Зимой и летом одним цветом
2024-03-25 18:30:09,781 - INFO - Пользователь не угадал загадку Зимой и летом одним цветом.
2024-03-25 18:30:09,781 - INFO - Отгадывается загадка: Висит груша - нельзя скушать
2024-03-25 18:32:47,379 - INFO - Отгадывается загадка: Зимой и летом одним цветом
2024-03-25 18:32:53,044 - INFO - Пользователь угадал загадку Зимой и летом одним цветом с 2-й попытки.
2024-03-25 18:32:53,045 - INFO - Отгадывается загадка: Висит груша - нельзя скушать
2024-03-25 18:36:42,219 - INFO - Отгадывается загадка: Зимой и летом одним цветом
2024-03-25 18:36:46,892 - INFO - Пользователь угадал загадку Зимой и летом одним цветом с 1-й попытки.
2024-03-25 18:36:46,892 - INFO - Отгадывается загадка: Висит груша - нельзя скушать
2024-03-25 18:36:50,091 - INFO - Пользователь угадал загадку Висит груша - нельзя скушать с 1-й попытки.
2024-03-25 18:36:50,093 - INFO - Отгадывается загадка: Сидит дед в сто шуб одет
2024-03-25 18:36:51,771 - INFO - Пользователь угадал загадку Сидит дед в сто шуб одет с 1-й попытки.
2024-03-25 18:36:51,772 - INFO - Отгадывается загадка: Не лает не кусает, в дом не пускает
2024-03-25 18:36:53,915 - INFO - Пользователь угадал загадку Не лает не кусает, в дом не пускает с 1-й попытки.
2024-03-25 18:37:01,521 - INFO - Отгадывается загадка: Зимой и летом одним цветом
2024-03-25 18:37:15,068 - INFO - Пользователь угадал загадку Зимой и летом одним цветом с 3-й попытки.
2024-03-25 18:37:15,068 - INFO - Отгадывается загадка: Висит груша - нельзя скушать
